  RobocopOpenGL.cpp
D:\Fundamentals Comp Graphics\Projects\P1\ProjectFile\RobocopOpenGL\main.h(100,35): warning C4305: 'initializing': truncation from 'double' to 'float'
D:\Fundamentals Comp Graphics\Projects\P1\ProjectFile\RobocopOpenGL\main.h(200,21): warning C4305: 'initializing': truncation from 'double' to 'float'
D:\Fundamentals Comp Graphics\Projects\P1\ProjectFile\RobocopOpenGL\main.h(249,42): warning C4305: 'initializing': truncation from 'double' to 'float'
D:\Fundamentals Comp Graphics\Projects\P1\ProjectFile\RobocopOpenGL\main.h(250,42): warning C4305: 'initializing': truncation from 'double' to 'float'
D:\Fundamentals Comp Graphics\Projects\P1\ProjectFile\RobocopOpenGL\main.h(270,26): warning C4305: 'initializing': truncation from 'double' to 'float'
D:\Fundamentals Comp Graphics\Projects\P1\ProjectFile\RobocopOpenGL\main.h(271,31): warning C4305: 'initializing': truncation from 'double' to 'float'
D:\Fundamentals Comp Graphics\Projects\P1\ProjectFile\RobocopOpenGL\RobocopOpenGL.cpp(49,1): warning C4305: 'initializing': truncation from 'double' to 'float'
D:\Fundamentals Comp Graphics\Projects\P1\ProjectFile\RobocopOpenGL\RobocopOpenGL.cpp(112,51): warning C4244: 'argument': conversion from 'int' to 'float', possible loss of data
D:\Fundamentals Comp Graphics\Projects\P1\ProjectFile\RobocopOpenGL\RobocopOpenGL.cpp(112,77): warning C4244: 'argument': conversion from 'int' to 'float', possible loss of data
D:\Fundamentals Comp Graphics\Projects\P1\ProjectFile\RobocopOpenGL\RobocopOpenGL.cpp(182,27): warning C4305: '=': truncation from 'double' to 'float'
D:\Fundamentals Comp Graphics\Projects\P1\ProjectFile\RobocopOpenGL\RobocopOpenGL.cpp(183,27): warning C4305: '=': truncation from 'double' to 'float'
D:\Fundamentals Comp Graphics\Projects\P1\ProjectFile\RobocopOpenGL\RobocopOpenGL.cpp(184,27): warning C4305: '=': truncation from 'double' to 'float'
D:\Fundamentals Comp Graphics\Projects\P1\ProjectFile\RobocopOpenGL\RobocopOpenGL.cpp(185,27): warning C4305: '=': truncation from 'double' to 'float'
D:\Fundamentals Comp Graphics\Projects\P1\ProjectFile\RobocopOpenGL\RobocopOpenGL.cpp(186,27): warning C4305: '=': truncation from 'double' to 'float'
D:\Fundamentals Comp Graphics\Projects\P1\ProjectFile\RobocopOpenGL\RobocopOpenGL.cpp(187,27): warning C4305: '=': truncation from 'double' to 'float'
D:\Fundamentals Comp Graphics\Projects\P1\ProjectFile\RobocopOpenGL\RobocopOpenGL.cpp(216,56): warning C4305: 'argument': truncation from 'double' to 'float'
D:\Fundamentals Comp Graphics\Projects\P1\ProjectFile\RobocopOpenGL\RobocopOpenGL.cpp(217,56): warning C4305: 'argument': truncation from 'double' to 'float'
D:\Fundamentals Comp Graphics\Projects\P1\ProjectFile\RobocopOpenGL\RobocopOpenGL.cpp(218,63): warning C4305: 'argument': truncation from 'double' to 'float'
D:\Fundamentals Comp Graphics\Projects\P1\ProjectFile\RobocopOpenGL\RobocopOpenGL.cpp(476,26): warning C4305: '=': truncation from 'double' to 'float'
D:\Fundamentals Comp Graphics\Projects\P1\ProjectFile\RobocopOpenGL\RobocopOpenGL.cpp(477,26): warning C4305: '=': truncation from 'double' to 'float'
D:\Fundamentals Comp Graphics\Projects\P1\ProjectFile\RobocopOpenGL\RobocopOpenGL.cpp(478,26): warning C4305: '=': truncation from 'double' to 'float'
D:\Fundamentals Comp Graphics\Projects\P1\ProjectFile\RobocopOpenGL\RobocopOpenGL.cpp(479,26): warning C4305: '=': truncation from 'double' to 'float'
D:\Fundamentals Comp Graphics\Projects\P1\ProjectFile\RobocopOpenGL\RobocopOpenGL.cpp(480,26): warning C4305: '=': truncation from 'double' to 'float'
D:\Fundamentals Comp Graphics\Projects\P1\ProjectFile\RobocopOpenGL\RobocopOpenGL.cpp(481,26): warning C4305: '=': truncation from 'double' to 'float'
D:\Fundamentals Comp Graphics\Projects\P1\ProjectFile\RobocopOpenGL\RobocopOpenGL.cpp(545,26): warning C4305: '=': truncation from 'double' to 'float'
D:\Fundamentals Comp Graphics\Projects\P1\ProjectFile\RobocopOpenGL\RobocopOpenGL.cpp(546,26): warning C4305: '=': truncation from 'double' to 'float'
D:\Fundamentals Comp Graphics\Projects\P1\ProjectFile\RobocopOpenGL\RobocopOpenGL.cpp(547,26): warning C4305: '=': truncation from 'double' to 'float'
D:\Fundamentals Comp Graphics\Projects\P1\ProjectFile\RobocopOpenGL\RobocopOpenGL.cpp(548,26): warning C4305: '=': truncation from 'double' to 'float'
D:\Fundamentals Comp Graphics\Projects\P1\ProjectFile\RobocopOpenGL\RobocopOpenGL.cpp(549,26): warning C4305: '=': truncation from 'double' to 'float'
D:\Fundamentals Comp Graphics\Projects\P1\ProjectFile\RobocopOpenGL\RobocopOpenGL.cpp(550,26): warning C4305: '=': truncation from 'double' to 'float'
D:\Fundamentals Comp Graphics\Projects\P1\ProjectFile\RobocopOpenGL\RobocopOpenGL.cpp(575,26): warning C4305: '=': truncation from 'double' to 'float'
D:\Fundamentals Comp Graphics\Projects\P1\ProjectFile\RobocopOpenGL\RobocopOpenGL.cpp(576,26): warning C4305: '=': truncation from 'double' to 'float'
D:\Fundamentals Comp Graphics\Projects\P1\ProjectFile\RobocopOpenGL\RobocopOpenGL.cpp(577,26): warning C4305: '=': truncation from 'double' to 'float'
D:\Fundamentals Comp Graphics\Projects\P1\ProjectFile\RobocopOpenGL\RobocopOpenGL.cpp(578,26): warning C4305: '=': truncation from 'double' to 'float'
D:\Fundamentals Comp Graphics\Projects\P1\ProjectFile\RobocopOpenGL\RobocopOpenGL.cpp(579,26): warning C4305: '=': truncation from 'double' to 'float'
D:\Fundamentals Comp Graphics\Projects\P1\ProjectFile\RobocopOpenGL\RobocopOpenGL.cpp(580,26): warning C4305: '=': truncation from 'double' to 'float'
D:\Fundamentals Comp Graphics\Projects\P1\ProjectFile\RobocopOpenGL\RobocopOpenGL.cpp(1054,59): warning C4244: 'argument': conversion from 'int' to 'float', possible loss of data
D:\Fundamentals Comp Graphics\Projects\P1\ProjectFile\RobocopOpenGL\RobocopOpenGL.cpp(1054,46): warning C4244: 'argument': conversion from 'int' to 'float', possible loss of data
D:\Fundamentals Comp Graphics\Projects\P1\ProjectFile\RobocopOpenGL\RobocopOpenGL.cpp(1054,94): warning C4244: 'argument': conversion from 'int' to 'float', possible loss of data
D:\Fundamentals Comp Graphics\Projects\P1\ProjectFile\RobocopOpenGL\RobocopOpenGL.cpp(1054,81): warning C4244: 'argument': conversion from 'int' to 'float', possible loss of data
D:\Fundamentals Comp Graphics\Projects\P1\ProjectFile\RobocopOpenGL\RobocopOpenGL.cpp(1055,103): warning C4244: 'argument': conversion from 'double' to 'float', possible loss of data
D:\Fundamentals Comp Graphics\Projects\P1\ProjectFile\RobocopOpenGL\RobocopOpenGL.cpp(1055,47): warning C4244: 'argument': conversion from 'double' to 'float', possible loss of data
D:\Fundamentals Comp Graphics\Projects\P1\ProjectFile\RobocopOpenGL\RobocopOpenGL.cpp(1165,22): warning C4018: '<': signed/unsigned mismatch
D:\Fundamentals Comp Graphics\Projects\P1\ProjectFile\RobocopOpenGL\RobocopOpenGL.cpp(1270,22): warning C4018: '<': signed/unsigned mismatch
D:\Fundamentals Comp Graphics\Projects\P1\ProjectFile\RobocopOpenGL\RobocopOpenGL.cpp(1315,22): warning C4018: '<': signed/unsigned mismatch
D:\Fundamentals Comp Graphics\Projects\P1\ProjectFile\RobocopOpenGL\RobocopOpenGL.cpp(1395,26): warning C4305: '=': truncation from 'double' to 'float'
D:\Fundamentals Comp Graphics\Projects\P1\ProjectFile\RobocopOpenGL\RobocopOpenGL.cpp(1396,26): warning C4305: '=': truncation from 'double' to 'float'
D:\Fundamentals Comp Graphics\Projects\P1\ProjectFile\RobocopOpenGL\RobocopOpenGL.cpp(1397,26): warning C4305: '=': truncation from 'double' to 'float'
D:\Fundamentals Comp Graphics\Projects\P1\ProjectFile\RobocopOpenGL\RobocopOpenGL.cpp(1408,26): warning C4305: '=': truncation from 'double' to 'float'
D:\Fundamentals Comp Graphics\Projects\P1\ProjectFile\RobocopOpenGL\RobocopOpenGL.cpp(1409,26): warning C4305: '=': truncation from 'double' to 'float'
D:\Fundamentals Comp Graphics\Projects\P1\ProjectFile\RobocopOpenGL\RobocopOpenGL.cpp(1410,26): warning C4305: '=': truncation from 'double' to 'float'
D:\Fundamentals Comp Graphics\Projects\P1\ProjectFile\RobocopOpenGL\RobocopOpenGL.cpp(1467,20): warning C4018: '<': signed/unsigned mismatch
D:\Fundamentals Comp Graphics\Projects\P1\ProjectFile\RobocopOpenGL\RobocopOpenGL.cpp(1893,22): warning C4305: '-=': truncation from 'double' to 'float'
D:\Fundamentals Comp Graphics\Projects\P1\ProjectFile\RobocopOpenGL\RobocopOpenGL.cpp(1900,22): warning C4305: '+=': truncation from 'double' to 'float'
D:\Fundamentals Comp Graphics\Projects\P1\ProjectFile\RobocopOpenGL\RobocopOpenGL.cpp(1933,20): warning C4244: 'return': conversion from 'double' to 'float', possible loss of data
D:\Fundamentals Comp Graphics\Projects\P1\ProjectFile\RobocopOpenGL\RobocopOpenGL.cpp(1988,24): warning C4244: '=': conversion from 'double' to 'float', possible loss of data
D:\Fundamentals Comp Graphics\Projects\P1\ProjectFile\RobocopOpenGL\RobocopOpenGL.cpp(1989,23): warning C4244: '=': conversion from 'double' to 'float', possible loss of data
D:\Fundamentals Comp Graphics\Projects\P1\ProjectFile\RobocopOpenGL\RobocopOpenGL.cpp(1997,24): warning C4244: '=': conversion from 'double' to 'float', possible loss of data
D:\Fundamentals Comp Graphics\Projects\P1\ProjectFile\RobocopOpenGL\RobocopOpenGL.cpp(1998,24): warning C4244: '=': conversion from 'double' to 'float', possible loss of data
D:\Fundamentals Comp Graphics\Projects\P1\ProjectFile\RobocopOpenGL\RobocopOpenGL.cpp(2006,23): warning C4244: '=': conversion from 'double' to 'float', possible loss of data
D:\Fundamentals Comp Graphics\Projects\P1\ProjectFile\RobocopOpenGL\RobocopOpenGL.cpp(2007,24): warning C4244: '=': conversion from 'double' to 'float', possible loss of data
D:\Fundamentals Comp Graphics\Projects\P1\ProjectFile\RobocopOpenGL\RobocopOpenGL.cpp(2015,23): warning C4244: '=': conversion from 'double' to 'float', possible loss of data
D:\Fundamentals Comp Graphics\Projects\P1\ProjectFile\RobocopOpenGL\RobocopOpenGL.cpp(2016,23): warning C4244: '=': conversion from 'double' to 'float', possible loss of data
D:\Fundamentals Comp Graphics\Projects\P1\ProjectFile\RobocopOpenGL\RobocopOpenGL.cpp(2051,20): warning C4244: 'initializing': conversion from 'double' to 'float', possible loss of data
D:\Fundamentals Comp Graphics\Projects\P1\ProjectFile\RobocopOpenGL\RobocopOpenGL.cpp(2364,69): warning C4244: 'argument': conversion from 'double' to 'float', possible loss of data
D:\Fundamentals Comp Graphics\Projects\P1\ProjectFile\RobocopOpenGL\RobocopOpenGL.cpp(2430,69): warning C4244: 'argument': conversion from 'double' to 'float', possible loss of data
D:\Fundamentals Comp Graphics\Projects\P1\ProjectFile\RobocopOpenGL\RobocopOpenGL.cpp(2494,69): warning C4244: 'argument': conversion from 'double' to 'float', possible loss of data
D:\Fundamentals Comp Graphics\Projects\P1\ProjectFile\RobocopOpenGL\RobocopOpenGL.cpp(2540,69): warning C4244: 'argument': conversion from 'double' to 'float', possible loss of data
D:\Fundamentals Comp Graphics\Projects\P1\ProjectFile\RobocopOpenGL\RobocopOpenGL.cpp(2630,40): warning C4244: '=': conversion from 'double' to 'float', possible loss of data
D:\Fundamentals Comp Graphics\Projects\P1\ProjectFile\RobocopOpenGL\RobocopOpenGL.cpp(2930,71): warning C4244: 'argument': conversion from 'double' to 'float', possible loss of data
D:\Fundamentals Comp Graphics\Projects\P1\ProjectFile\RobocopOpenGL\RobocopOpenGL.cpp(3573,132): warning C4305: 'argument': truncation from 'double' to 'float'
LINK : warning LNK4075: ignoring '/INCREMENTAL' due to '/LTCG' specification
MSVCRT.lib(initializers.obj) : warning LNK4098: defaultlib 'libcmt.lib' conflicts with use of other libs; use /NODEFAULTLIB:library
  Generating code
  1 of 2012 functions (<0.1%) were compiled, the rest were copied from previous compilation.
    0 functions were new in current compilation
    25 functions had inline decision re-evaluated but remain unchanged
  Finished generating code
glew32s.lib(glew.obj) : warning LNK4099: PDB 'glew_static.pdb' was not found with 'glew32s.lib(glew.obj)' or at 'D:\Fundamentals Comp Graphics\Projects\P1\ProjectFile\Release\glew_static.pdb'; linking object as if no debug info
  RobocopOpenGL.vcxproj -> D:\Fundamentals Comp Graphics\Projects\P1\ProjectFile\Release\RobocopOpenGL.exe
